[2020-04-24T06:14:26.852] [INFO] server - Listening on port 3039
[2020-04-24T06:15:43.138] [INFO] server - Listening on port 3039
[2020-04-24T06:15:43.148] [INFO] server - [Connected to Mongo EOS] : 27017
[2020-04-24T06:17:45.280] [INFO] server - Listening on port 3039
[2020-04-24T06:17:45.290] [INFO] server - [Connected to Mongo EOS] : 27017
[2020-04-24T06:40:38.044] [INFO] server - Listening on port 3039
[2020-04-24T06:40:38.054] [INFO] server - [Connected to Mongo EOS] : 27017
[2020-04-24T11:10:54.344] [INFO] server - Listening on port 3000
[2020-04-24T11:10:54.353] [INFO] server - [Connected to Mongo EOS] : 27017
[2020-04-24T11:13:24.581] [INFO] server - Listening on port 3000
[2020-04-24T11:13:24.591] [INFO] server - [Connected to Mongo EOS] : 27017
[2020-04-24T11:15:04.753] [INFO] server - Listening on port 3000
[2020-04-24T11:15:04.764] [INFO] server - [Connected to Mongo EOS] : 27017
[2020-04-24T11:31:31.901] [INFO] server - Listening on port 3000
[2020-04-24T11:31:31.925] [INFO] server - [Connected to Mongo EOS] : 27017
[2020-04-24T11:35:38.855] [INFO] server - Listening on port 3000
[2020-04-24T11:35:38.865] [INFO] server - [Connected to Mongo EOS] : 27017
[2020-04-24T11:36:41.093] [INFO] server - Listening on port 3000
[2020-04-24T11:36:41.107] [INFO] server - [Connected to Mongo EOS] : 27017
[2020-04-24T11:37:13.322] [INFO] server - Listening on port 3000
[2020-04-24T11:37:13.331] [INFO] server - [Connected to Mongo EOS] : 27017
[2020-04-24T11:38:43.382] [INFO] server - Listening on port 3000
[2020-04-24T11:38:43.392] [INFO] server - [Connected to Mongo EOS] : 27017
[2020-04-24T11:39:18.744] [INFO] server - Listening on port 3000
[2020-04-24T11:39:18.753] [INFO] server - [Connected to Mongo EOS] : 27017
[2020-04-24T11:40:23.520] [INFO] server - Listening on port 3000
[2020-04-24T11:40:23.530] [INFO] server - [Connected to Mongo EOS] : 27017
[2020-04-24T11:41:12.168] [INFO] server - Listening on port 3000
[2020-04-24T11:41:12.177] [INFO] server - [Connected to Mongo EOS] : 27017
[2020-04-24T11:41:16.235] [INFO] server - x1
[2020-04-24T11:41:37.916] [INFO] server - Listening on port 3000
[2020-04-24T11:41:37.926] [INFO] server - [Connected to Mongo EOS] : 27017
[2020-04-24T11:41:39.856] [INFO] server - x1
[2020-04-24T11:41:53.649] [INFO] server - x1
[2020-04-24T11:41:54.624] [INFO] server - x1
[2020-04-24T11:42:28.109] [INFO] server - Listening on port 3000
[2020-04-24T11:42:28.119] [INFO] server - [Connected to Mongo EOS] : 27017
[2020-04-24T11:43:42.330] [INFO] server - Listening on port 3000
[2020-04-24T11:43:42.340] [INFO] server - [Connected to Mongo EOS] : 27017
[2020-04-24T11:44:14.899] [INFO] server - Listening on port 3000
[2020-04-24T11:44:14.909] [INFO] server - [Connected to Mongo EOS] : 27017
[2020-04-24T11:44:38.961] [INFO] server - Listening on port 3000
[2020-04-24T11:44:38.971] [INFO] server - [Connected to Mongo EOS] : 27017
[2020-04-24T11:44:50.823] [INFO] server - Listening on port 3000
[2020-04-24T11:44:50.834] [INFO] server - [Connected to Mongo EOS] : 27017
[2020-04-24T11:45:08.740] [INFO] server - Listening on port 3000
[2020-04-24T11:45:08.750] [INFO] server - [Connected to Mongo EOS] : 27017
[2020-04-24T11:46:53.672] [INFO] server - Listening on port 3000
[2020-04-24T11:46:53.683] [INFO] server - [Connected to Mongo EOS] : 27017
[2020-04-24T11:47:57.515] [INFO] server - Listening on port 3000
[2020-04-24T11:47:57.525] [INFO] server - [Connected to Mongo EOS] : 27017
[2020-04-24T11:49:03.534] [INFO] server - Listening on port 3000
[2020-04-24T11:49:03.549] [INFO] server - [Connected to Mongo EOS] : 27017
[2020-04-24T11:49:13.687] [INFO] server - rout
[2020-04-24T11:49:13.694] [INFO] server - Listening on port 3000
[2020-04-24T11:49:13.705] [INFO] server - [Connected to Mongo EOS] : 27017
[2020-04-24T11:49:52.701] [INFO] server - rout
[2020-04-24T11:49:52.708] [INFO] server - Listening on port 3000
[2020-04-24T11:49:52.716] [INFO] server - [Connected to Mongo EOS] : 27017
[2020-04-24T11:51:07.184] [INFO] server - [Connected to Mongo EOS] : s
[2020-04-24T11:51:07.186] [INFO] server - rout
[2020-04-24T11:51:07.192] [INFO] server - Listening on port 3000
[2020-04-24T11:51:07.201] [INFO] server - [Connected to Mongo EOS] : 27017
[2020-04-24T11:51:23.072] [INFO] server - [Connected to Mongo EOS] : s
[2020-04-24T11:51:23.075] [INFO] server - rout
[2020-04-24T11:51:23.080] [INFO] server - Listening on port 3000
[2020-04-24T11:51:23.093] [INFO] server - [Connected to Mongo EOS] : 2x017
[2020-04-24T11:52:00.356] [INFO] server - Listening on port 3000
[2020-04-24T11:52:00.366] [INFO] server - [Connected to Mongo EOS] : 27017
[2020-04-24T11:52:53.644] [INFO] server - Listening on port 3000
[2020-04-24T11:52:53.655] [INFO] server - [Connected to Mongo EOS] : 27017
[2020-04-24T11:53:18.717] [INFO] server - Listening on port 3000
[2020-04-24T11:53:18.732] [INFO] server - [Connected to Mongo EOS] : 27017
[2020-04-24T11:53:28.114] [INFO] server - Listening on port 3000
[2020-04-24T11:53:28.128] [INFO] server - [Connected to Mongo EOS] : 27017
[2020-04-24T11:53:53.583] [INFO] server - Listening on port 3000
[2020-04-24T11:53:53.593] [INFO] server - [Connected to Mongo EOS] : 27017
[2020-05-04T09:11:05.595] [INFO] server - Listening on port 3000
[2020-05-04T09:12:17.226] [INFO] server - Listening on port 3000
[2020-05-04T09:12:17.236] [INFO] server - [Connected to Mongo EOS] : 27017
[2020-05-04T09:15:15.451] [INFO] server - Listening on port 3000
[2020-05-04T09:15:15.460] [INFO] server - [Connected to Mongo EOS] : 27017
[2020-05-04T09:23:37.221] [INFO] server - Listening on port 3000
[2020-05-04T09:23:37.230] [INFO] server - [Connected to Mongo EOS] : 27017
[2020-05-04T09:28:14.467] [INFO] server - Listening on port 3000
[2020-05-04T09:28:14.480] [INFO] server - [Connected to Mongo EOS] : 27017
[2020-05-04T09:29:32.220] [INFO] server - Listening on port 3000
[2020-05-04T09:29:32.230] [INFO] server - [Connected to Mongo EOS] : 27017
[2020-05-04T09:30:53.513] [ERROR] server - uncaughtException { Error: Cannot find module 'node-cron'
    at Function.Module._resolveFilename (internal/modules/cjs/loader.js:636:15)
    at Function.Module._load (internal/modules/cjs/loader.js:562:25)
    at Module.require (internal/modules/cjs/loader.js:692:17)
    at require (internal/modules/cjs/helpers.js:25:18)
    at Object.<anonymous> (/home/yuriy/web/CryptoLions/roshambo-react/eos-react/server/daemons/init.daemons.js:3:21)
    at Module._compile (internal/modules/cjs/loader.js:778:30)
    at Object.Module._extensions..js (internal/modules/cjs/loader.js:789:10)
    at Module.load (internal/modules/cjs/loader.js:653:32)
    at tryModuleLoad (internal/modules/cjs/loader.js:593:12)
    at Function.Module._load (internal/modules/cjs/loader.js:585:3)
    at Module.require (internal/modules/cjs/loader.js:692:17)
    at require (internal/modules/cjs/helpers.js:25:18)
    at Object.<anonymous> (/home/yuriy/web/CryptoLions/roshambo-react/eos-react/server/server.js:89:5)
    at Module._compile (internal/modules/cjs/loader.js:778:30)
    at Object.Module._extensions..js (internal/modules/cjs/loader.js:789:10)
    at Module.load (internal/modules/cjs/loader.js:653:32) code: 'MODULE_NOT_FOUND' }
[2020-05-04T09:30:53.516] [INFO] server - Listening on port 3000
[2020-05-04T09:30:53.525] [INFO] server - [Connected to Mongo EOS] : 27017
[2020-05-04T09:31:56.435] [ERROR] server - uncaughtException ReferenceError: log4js is not defined
    at Object.<anonymous> (/home/yuriy/web/CryptoLions/roshambo-react/eos-react/server/api/main.api.v1.js:8:23)
    at Module._compile (internal/modules/cjs/loader.js:778:30)
    at Object.Module._extensions..js (internal/modules/cjs/loader.js:789:10)
    at Module.load (internal/modules/cjs/loader.js:653:32)
    at tryModuleLoad (internal/modules/cjs/loader.js:593:12)
    at Function.Module._load (internal/modules/cjs/loader.js:585:3)
    at Module.require (internal/modules/cjs/loader.js:692:17)
    at require (internal/modules/cjs/helpers.js:25:18)
    at Object.<anonymous> (/home/yuriy/web/CryptoLions/roshambo-react/eos-react/server/server.js:93:1)
    at Module._compile (internal/modules/cjs/loader.js:778:30)
    at Object.Module._extensions..js (internal/modules/cjs/loader.js:789:10)
    at Module.load (internal/modules/cjs/loader.js:653:32)
    at tryModuleLoad (internal/modules/cjs/loader.js:593:12)
    at Function.Module._load (internal/modules/cjs/loader.js:585:3)
    at Function.Module.runMain (internal/modules/cjs/loader.js:831:12)
    at startup (internal/bootstrap/node.js:283:19)
[2020-05-04T09:31:56.438] [INFO] server - Listening on port 3000
[2020-05-04T09:31:56.448] [INFO] server - [Connected to Mongo EOS] : 27017
[2020-05-04T09:32:24.759] [ERROR] server - uncaughtException ReferenceError: log4js is not defined
    at Object.<anonymous> (/home/yuriy/web/CryptoLions/roshambo-react/eos-react/server/api/main.api.v1.js:8:23)
    at Module._compile (internal/modules/cjs/loader.js:778:30)
    at Object.Module._extensions..js (internal/modules/cjs/loader.js:789:10)
    at Module.load (internal/modules/cjs/loader.js:653:32)
    at tryModuleLoad (internal/modules/cjs/loader.js:593:12)
    at Function.Module._load (internal/modules/cjs/loader.js:585:3)
    at Module.require (internal/modules/cjs/loader.js:692:17)
    at require (internal/modules/cjs/helpers.js:25:18)
    at Object.<anonymous> (/home/yuriy/web/CryptoLions/roshambo-react/eos-react/server/server.js:93:1)
    at Module._compile (internal/modules/cjs/loader.js:778:30)
    at Object.Module._extensions..js (internal/modules/cjs/loader.js:789:10)
    at Module.load (internal/modules/cjs/loader.js:653:32)
    at tryModuleLoad (internal/modules/cjs/loader.js:593:12)
    at Function.Module._load (internal/modules/cjs/loader.js:585:3)
    at Function.Module.runMain (internal/modules/cjs/loader.js:831:12)
    at startup (internal/bootstrap/node.js:283:19)
[2020-05-04T09:32:24.763] [INFO] server - Listening on port 3000
[2020-05-04T09:32:24.772] [INFO] server - [Connected to Mongo EOS] : 27017
[2020-05-04T09:34:07.270] [INFO] server - Listening on port 3000
[2020-05-04T09:34:07.282] [INFO] server - [Connected to Mongo EOS] : 27017
[2020-05-04T09:40:47.795] [INFO] server - Listening on port 3000
[2020-05-04T09:40:47.807] [INFO] server - [Connected to Mongo EOS] : 27017
[2020-05-04T09:41:44.671] [INFO] server - Listening on port 3000
[2020-05-04T09:41:44.682] [INFO] server - [Connected to Mongo EOS] : 27017
[2020-05-04T09:43:19.560] [INFO] server - Listening on port 3000
[2020-05-04T09:43:19.571] [INFO] server - [Connected to Mongo EOS] : 27017
[2020-05-04T09:43:57.056] [INFO] server - Listening on port 3000
[2020-05-04T09:43:57.069] [INFO] server - [Connected to Mongo EOS] : 27017
[2020-05-04T09:47:02.079] [INFO] server - Listening on port 3000
[2020-05-04T09:47:02.091] [INFO] server - [Connected to Mongo EOS] : 27017
[2020-05-04T09:57:51.281] [INFO] server - Listening on port 3000
[2020-05-04T09:57:51.297] [INFO] server - [Connected to Mongo EOS] : 27017
[2020-05-04T10:10:33.198] [INFO] server - Listening on port 3000
[2020-05-04T10:10:33.210] [INFO] server - [Connected to Mongo EOS] : 27017
[2020-05-04T10:15:46.405] [INFO] server - Listening on port 3000
[2020-05-04T10:15:46.418] [INFO] server - [Connected to Mongo EOS] : 27017
[2020-05-04T10:16:06.813] [INFO] server - Listening on port 3000
[2020-05-04T10:16:06.824] [INFO] server - [Connected to Mongo EOS] : 27017
[2020-05-04T10:19:33.885] [INFO] server - Listening on port 3000
[2020-05-04T10:19:33.920] [INFO] server - [Connected to Mongo EOS] : 27017
[2020-05-04T10:21:35.224] [INFO] server - Listening on port 3000
[2020-05-04T10:21:35.235] [INFO] server - [Connected to Mongo EOS] : 27017
[2020-05-04T10:23:06.180] [INFO] server - Listening on port 3000
[2020-05-04T10:23:06.191] [INFO] server - [Connected to Mongo EOS] : 27017
[2020-05-04T10:25:04.246] [INFO] server - Listening on port 3000
[2020-05-04T10:25:04.257] [INFO] server - [Connected to Mongo EOS] : 27017
[2020-05-04T10:26:04.984] [INFO] server - Listening on port 3000
[2020-05-04T10:26:04.997] [INFO] server - [Connected to Mongo EOS] : 27017
[2020-05-04T10:28:39.299] [INFO] server - Listening on port 3000
[2020-05-04T10:28:39.310] [INFO] server - [Connected to Mongo EOS] : 27017
[2020-05-04T10:33:36.691] [INFO] server - Listening on port 3000
[2020-05-04T10:33:36.701] [INFO] server - [Connected to Mongo EOS] : 27017
[2020-05-04T10:34:42.900] [INFO] server - Listening on port 3000
[2020-05-04T10:34:42.912] [INFO] server - [Connected to Mongo EOS] : 27017
[2020-05-04T10:37:16.204] [INFO] server - Listening on port 3000
[2020-05-04T10:37:16.214] [INFO] server - [Connected to Mongo EOS] : 27017
[2020-05-04T10:40:48.153] [INFO] server - Listening on port 3000
[2020-05-04T10:40:48.174] [INFO] server - [Connected to Mongo EOS] : 27017
[2020-05-04T10:47:32.322] [INFO] server - Listening on port 3000
[2020-05-04T10:47:32.334] [INFO] server - [Connected to Mongo EOS] : 27017
[2020-05-04T10:54:24.167] [INFO] server - Listening on port 3000
[2020-05-04T10:54:24.180] [INFO] server - [Connected to Mongo EOS] : 27017
[2020-05-04T10:58:09.470] [INFO] server - Listening on port 3000
[2020-05-04T10:58:09.480] [INFO] server - [Connected to Mongo EOS] : 27017
